# JRE version: OpenJDK Runtime Environment Temurin-17+35 (17.0+35) (build 17+35)
# Java VM: OpenJDK 64-Bit Server VM Temurin-17+35 (17+35, mixed mode, tiered, compressed oops, compressed class ptrs, g1 gc, linux-amd64)
GC Precious Log:
 CPUs: 4 total, 4 available
 Memory: 3831M
 Large Page Support: Disabled
 NUMA Support: Disabled
 Compressed Oops: Enabled (32-bit)
 Heap Region Size: 1M
 Heap Min Capacity: 8M
 Heap Initial Capacity: 60M
 Heap Max Capacity: 958M
 Pre-touch: Disabled
 Parallel Workers: 4
 Concurrent Workers: 1
 Concurrent Refinement Workers: 4
 Periodic GC: Disabled
Heap:
 garbage-first heap   total 163840K, used 35063K [0x00000000c4200000, 0x0000000100000000)
  region size 1024K, 1 young (1024K), 1 survivors (1024K)
 Metaspace       used 42772K, committed 43520K, reserved 1089536K
  class space    used 4904K, committed 5248K, reserved 1048576K
GC Heap History (20 events):
Event: 161.804 GC heap after
{Heap after GC invocations=21 (full 0):
 garbage-first heap   total 81920K, used 33681K [0x00000000c4200000, 0x0000000100000000)
  region size 1024K, 3 young (3072K), 3 survivors (3072K)
 Metaspace       used 42315K, committed 43072K, reserved 1089536K
  class space    used 4870K, committed 5184K, reserved 1048576K
}
Event: 161.986 GC heap before
{Heap before GC invocations=21 (full 0):
 garbage-first heap   total 81920K, used 62353K [0x00000000c4200000, 0x0000000100000000)
  region size 1024K, 31 young (31744K), 3 survivors (3072K)
 Metaspace       used 42319K, committed 43072K, reserved 1089536K
  class space    used 4870K, committed 5184K, reserved 1048576K
}
Event: 161.993 GC heap after
{Heap after GC invocations=22 (full 0):
 garbage-first heap   total 81920K, used 33312K [0x00000000c4200000, 0x0000000100000000)
  region size 1024K, 2 young (2048K), 2 survivors (2048K)
 Metaspace       used 42319K, committed 43072K, reserved 1089536K
  class space    used 4870K, committed 5184K, reserved 1048576K
}
Event: 162.119 GC heap before
{Heap before GC invocations=22 (full 0):
 garbage-first heap   total 81920K, used 65056K [0x00000000c4200000, 0x0000000100000000)
  region size 1024K, 33 young (33792K), 2 survivors (2048K)
 Metaspace       used 42319K, committed 43072K, reserved 1089536K
  class space    used 4870K, committed 5184K, reserved 1048576K
}
Event: 162.123 GC heap after
{Heap after GC invocations=23 (full 0):
 garbage-first heap   total 163840K, used 33312K [0x00000000c4200000, 0x0000000100000000)
  region size 1024K, 2 young (2048K), 2 survivors (2048K)
 Metaspace       used 42319K, committed 43072K, reserved 1089536K
  class space    used 4870K, committed 5184K, reserved 1048576K
}
Event: 173.479 GC heap before
{Heap before GC invocations=23 (full 0):
 garbage-first heap   total 163840K, used 145952K [0x00000000c4200000, 0x0000000100000000)
  region size 1024K, 96 young (98304K), 2 survivors (2048K)
 Metaspace       used 42434K, committed 43200K, reserved 1089536K
  class space    used 4879K, committed 5248K, reserved 1048576K
}
Event: 173.699 GC heap after
{Heap after GC invocations=24 (full 0):
 garbage-first heap   total 163840K, used 30752K [0x00000000c4200000, 0x0000000100000000)
  region size 1024K, 3 young (3072K), 3 survivors (3072K)
 Metaspace       used 42434K, committed 43200K, reserved 1089536K
  class space    used 4879K, committed 5248K, reserved 1048576K
}
Event: 174.252 GC heap before
{Heap before GC invocations=24 (full 0):
 garbage-first heap   total 163840K, used 125984K [0x00000000c4200000, 0x0000000100000000)
  region size 1024K, 96 young (98304K), 3 survivors (3072K)
 Metaspace       used 42438K, committed 43200K, reserved 1089536K
  class space    used 4879K, committed 5248K, reserved 1048576K
}
Event: 174.259 GC heap after
{Heap after GC invocations=25 (full 0):
 garbage-first heap   total 163840K, used 32913K [0x00000000c4200000, 0x0000000100000000)
  region size 1024K, 5 young (5120K), 5 survivors (5120K)
 Metaspace       used 42438K, committed 43200K, reserved 1089536K
  class space    used 4879K, committed 5248K, reserved 1048576K
}
Event: 184.219 GC heap before
{Heap before GC invocations=25 (full 0):
 garbage-first heap   total 163840K, used 132241K [0x00000000c4200000, 0x0000000100000000)
  region size 1024K, 96 young (98304K), 5 survivors (5120K)
 Metaspace       used 42593K, committed 43392K, reserved 1089536K
  class space    used 4888K, committed 5248K, reserved 1048576K
}
Event: 184.223 GC heap after
{Heap after GC invocations=26 (full 0):
 garbage-first heap   total 163840K, used 34867K [0x00000000c4200000, 0x0000000100000000)
  region size 1024K, 3 young (3072K), 3 survivors (3072K)
 Metaspace       used 42593K, committed 43392K, reserved 1089536K
  class space    used 4888K, committed 5248K, reserved 1048576K
}
Event: 184.285 GC heap before
{Heap before GC invocations=26 (full 0):
 garbage-first heap   total 163840K, used 134195K [0x00000000c4200000, 0x0000000100000000)
  region size 1024K, 96 young (98304K), 3 survivors (3072K)
 Metaspace       used 42593K, committed 43392K, reserved 1089536K
  class space    used 4888K, committed 5248K, reserved 1048576K
}
Event: 184.287 GC heap after
{Heap after GC invocations=27 (full 0):
 garbage-first heap   total 163840K, used 36552K [0x00000000c4200000, 0x0000000100000000)
  region size 1024K, 3 young (3072K), 3 survivors (3072K)
 Metaspace       used 42593K, committed 43392K, reserved 1089536K
  class space    used 4888K, committed 5248K, reserved 1048576K
}
Event: 184.504 GC heap before
{Heap before GC invocations=27 (full 0):
 garbage-first heap   total 163840K, used 144072K [0x00000000c4200000, 0x0000000100000000)
  region size 1024K, 96 young (98304K), 3 survivors (3072K)
 Metaspace       used 42593K, committed 43392K, reserved 1089536K
  class space    used 4888K, committed 5248K, reserved 1048576K
}
Event: 184.510 GC heap after
{Heap after GC invocations=28 (full 0):
 garbage-first heap   total 163840K, used 32865K [0x00000000c4200000, 0x0000000100000000)
  region size 1024K, 4 young (4096K), 4 survivors (4096K)
 Metaspace       used 42593K, committed 43392K, reserved 1089536K
  class space    used 4888K, committed 5248K, reserved 1048576K
}
Event: 184.726 GC heap before
{Heap before GC invocations=28 (full 0):
 garbage-first heap   total 163840K, used 127073K [0x00000000c4200000, 0x0000000100000000)
  region size 1024K, 96 young (98304K), 4 survivors (4096K)
 Metaspace       used 42593K, committed 43392K, reserved 1089536K
  class space    used 4888K, committed 5248K, reserved 1048576K
}
Event: 184.733 GC heap after
{Heap after GC invocations=29 (full 0):
 garbage-first heap   total 163840K, used 35192K [0x00000000c4200000, 0x0000000100000000)
  region size 1024K, 6 young (6144K), 6 survivors (6144K)
 Metaspace       used 42593K, committed 43392K, reserved 1089536K
  class space    used 4888K, committed 5248K, reserved 1048576K
}
Event: 211.261 GC heap before
{Heap before GC invocations=29 (full 0):
 garbage-first heap   total 163840K, used 133496K [0x00000000c4200000, 0x0000000100000000)
  region size 1024K, 96 young (98304K), 6 survivors (6144K)
 Metaspace       used 42772K, committed 43520K, reserved 1089536K
  class space    used 4904K, committed 5248K, reserved 1048576K
}
Event: 219.537 GC heap after
{Heap after GC invocations=30 (full 0):
 garbage-first heap   total 163840K, used 35346K [0x00000000c4200000, 0x0000000100000000)
  region size 1024K, 3 young (3072K), 3 survivors (3072K)
 Metaspace       used 42772K, committed 43520K, reserved 1089536K
  class space    used 4904K, committed 5248K, reserved 1048576K
}
Event: 222.754 GC heap before
{Heap before GC invocations=30 (full 0):
 garbage-first heap   total 163840K, used 40466K [0x00000000c4200000, 0x0000000100000000)
  region size 1024K, 8 young (8192K), 3 survivors (3072K)
 Metaspace       used 42772K, committed 43520K, reserved 1089536K
  class space    used 4904K, committed 5248K, reserved 1048576K
}

