<?xml version="1.0" encoding="UTF-8"?>
<testng-results ignored="0" total="1" passed="1" failed="0" skipped="0">
  <reporter-output>
  </reporter-output>
  <suite started-at="2022-02-25T21:42:28 EST" name="Default suite" finished-at="2022-02-25T21:42:44 EST" duration-ms="16215">
    <groups>
    </groups>
    <test started-at="2022-02-25T21:42:28 EST" name="Default test" finished-at="2022-02-25T21:42:44 EST" duration-ms="16215">
      <class name="com.tests.CRUDTekarchApiTest.GetUserDataApiTest">
        <test-method is-config="true" signature="initBaseUri()[pri:0, instance:com.tests.CRUDTekarchApiTest.GetUserDataApiTest@c1fca1e]" started-at="2022-02-25T21:42:28 EST" name="initBaseUri" finished-at="2022-02-25T21:42:28 EST" duration-ms="7" status="PASS">
          <reporter-output>
          </reporter-output>
        </test-method> <!-- initBaseUri -->
        <test-method signature="getUserData_TekarchApi()[pri:0, instance:com.tests.CRUDTekarchApiTest.GetUserDataApiTest@c1fca1e]" started-at="2022-02-25T21:42:28 EST" name="getUserData_TekarchApi" finished-at="2022-02-25T21:42:44 EST" duration-ms="16095" status="PASS">
          <reporter-output>
          </reporter-output>
        </test-method> <!-- getUserData_TekarchApi -->
      </class> <!-- com.tests.CRUDTekarchApiTest.GetUserDataApiTest -->
    </test> <!-- Default test -->
  </suite> <!-- Default suite -->
</testng-results>
